2023-06-19 14:23:29.5282 关闭WebSocket异常:WebSocket 实例不能用于通信，因为它已转换为无效状态。
2023-06-19 14:23:29.5282 关闭WebSocket异常:WebSocket 实例不能用于通信，因为它已转换为无效状态。
2023-06-19 14:23:29.5292 关闭WebSocket异常:WebSocket 实例不能用于通信，因为它已转换为无效状态。
2023-06-19 14:23:29.5302 关闭WebSocket异常:WebSocket 实例不能用于通信，因为它已转换为无效状态。
2023-06-19 14:23:29.5302 关闭WebSocket异常:WebSocket 实例不能用于通信，因为它已转换为无效状态。
2023-06-19 14:24:27.1981 异常:已将关闭框架发送到远程终结点。
2023-06-19 14:25:05.0543 关闭WebSocket异常:WebSocket 实例不能用于通信，因为它已转换为无效状态。
2023-06-19 14:25:05.0553 关闭WebSocket异常:WebSocket 实例不能用于通信，因为它已转换为无效状态。
2023-06-19 14:25:05.0563 关闭WebSocket异常:WebSocket 实例不能用于通信，因为它已转换为无效状态。
2023-06-19 14:30:23.9610 关闭WebSocket异常:WebSocket 实例不能用于通信，因为它已转换为无效状态。
2023-06-19 17:31:52.8546 关闭WebSocket异常:已取消该操作。WebSocket 实例不能用于通信，因为它已转换为无效状态。
2023-06-19 17:33:12.5837 关闭WebSocket异常:已取消该操作。WebSocket 实例不能用于通信，因为它已转换为无效状态。
2023-06-19 17:34:09.5150 关闭WebSocket异常:已取消该操作。WebSocket 实例不能用于通信，因为它已转换为无效状态。
2023-06-19 17:35:30.6130 关闭WebSocket异常:已取消该操作。WebSocket 实例不能用于通信，因为它已转换为无效状态。
2023-06-19 17:54:59.4607 超时未收到心跳消息关闭websocket..
2023-06-19 18:13:00.6096 超时未收到心跳消息关闭websocket-已取消该操作。
2023-06-19 18:17:27.3468 超时未收到心跳消息关闭websocket
2023-06-19 18:17:41.4804 超时未收到心跳消息关闭websocket
2023-06-19 18:17:41.5687 超时未收到心跳消息关闭websocket
2023-06-19 18:17:41.6837 超时未收到心跳消息关闭websocket
2023-06-19 18:17:41.7057 超时未收到心跳消息关闭websocket
2023-06-19 18:17:41.7564 超时未收到心跳消息关闭websocket
2023-06-19 18:17:41.7574 超时未收到心跳消息关闭websocket
2023-06-19 18:17:41.8641 超时未收到心跳消息关闭websocket
2023-06-19 18:17:41.9311 超时未收到心跳消息关闭websocket
2023-06-19 18:17:42.0390 超时未收到心跳消息关闭websocket
2023-06-19 18:17:42.1476 超时未收到心跳消息关闭websocket
2023-06-19 18:17:42.1646 超时未收到心跳消息关闭websocket
2023-06-19 18:17:42.1746 超时未收到心跳消息关闭websocket
2023-06-19 18:17:42.2451 超时未收到心跳消息关闭websocket
2023-06-19 18:17:42.2451 超时未收到心跳消息关闭websocket
2023-06-19 18:17:42.3601 超时未收到心跳消息关闭websocket
2023-06-19 18:17:42.5113 超时未收到心跳消息关闭websocket
2023-06-19 18:17:42.5123 超时未收到心跳消息关闭websocket
2023-06-19 18:17:42.5406 超时未收到心跳消息关闭websocket
2023-06-19 18:17:42.6312 超时未收到心跳消息关闭websocket
2023-06-19 18:17:42.6522 超时未收到心跳消息关闭websocket
2023-06-19 18:17:42.6533 超时未收到心跳消息关闭websocket
2023-06-19 18:17:42.7182 超时未收到心跳消息关闭websocket
2023-06-19 18:17:42.8448 超时未收到心跳消息关闭websocket
2023-06-19 18:17:42.8563 超时未收到心跳消息关闭websocket
2023-06-19 18:17:42.9663 超时未收到心跳消息关闭websocket
2023-06-19 18:17:42.9943 超时未收到心跳消息关闭websocket
2023-06-19 18:17:43.0622 超时未收到心跳消息关闭websocket
2023-06-19 18:17:43.1122 超时未收到心跳消息关闭websocket
2023-06-19 18:17:43.1748 超时未收到心跳消息关闭websocket
2023-06-19 18:17:43.2108 超时未收到心跳消息关闭websocket
2023-06-19 18:17:43.3041 超时未收到心跳消息关闭websocket
2023-06-19 18:17:43.3601 超时未收到心跳消息关闭websocket
2023-06-19 18:17:43.5036 超时未收到心跳消息关闭websocket
2023-06-19 18:17:43.5609 超时未收到心跳消息关闭websocket
2023-06-19 18:17:43.5789 超时未收到心跳消息关闭websocket
2023-06-19 18:17:43.5989 超时未收到心跳消息关闭websocket
2023-06-19 18:17:43.6719 超时未收到心跳消息关闭websocket
2023-06-19 18:17:43.7059 超时未收到心跳消息关闭websocket
2023-06-19 18:17:43.7444 超时未收到心跳消息关闭websocket
2023-06-19 18:17:43.8504 超时未收到心跳消息关闭websocket
2023-06-19 18:17:43.9735 超时未收到心跳消息关闭websocket
2023-06-19 18:17:44.0821 超时未收到心跳消息关闭websocket
2023-06-19 18:17:44.0851 超时未收到心跳消息关闭websocket
2023-06-19 18:17:44.1471 超时未收到心跳消息关闭websocket
2023-06-19 18:17:44.1501 超时未收到心跳消息关闭websocket
2023-06-19 18:17:44.3996 超时未收到心跳消息关闭websocket
2023-06-19 18:17:44.4026 超时未收到心跳消息关闭websocket
2023-06-19 18:17:44.4066 超时未收到心跳消息关闭websocket
2023-06-19 18:17:44.4636 超时未收到心跳消息关闭websocket
2023-06-19 18:17:44.6034 超时未收到心跳消息关闭websocket
2023-06-19 18:17:44.6184 超时未收到心跳消息关闭websocket
2023-06-19 18:17:44.6204 超时未收到心跳消息关闭websocket
2023-06-19 18:17:44.6454 超时未收到心跳消息关闭websocket
2023-06-19 18:17:44.7890 超时未收到心跳消息关闭websocket
2023-06-19 18:17:44.8646 超时未收到心跳消息关闭websocket
2023-06-19 18:17:44.9196 超时未收到心跳消息关闭websocket
2023-06-19 18:17:45.0278 超时未收到心跳消息关闭websocket
2023-06-19 18:17:45.0648 超时未收到心跳消息关闭websocket
2023-06-19 18:17:45.1380 超时未收到心跳消息关闭websocket
2023-06-19 18:17:45.1930 超时未收到心跳消息关闭websocket
2023-06-19 18:17:45.2200 超时未收到心跳消息关闭websocket
2023-06-19 18:17:45.3986 超时未收到心跳消息关闭websocket
2023-06-19 18:17:45.4216 超时未收到心跳消息关闭websocket
2023-06-19 18:17:45.5506 超时未收到心跳消息关闭websocket
2023-06-19 18:17:45.6207 超时未收到心跳消息关闭websocket
2023-06-19 18:17:45.6217 超时未收到心跳消息关闭websocket
2023-06-19 18:17:45.7027 超时未收到心跳消息关闭websocket
2023-06-19 18:17:45.7037 超时未收到心跳消息关闭websocket
2023-06-19 18:17:45.8648 超时未收到心跳消息关闭websocket
2023-06-19 18:17:46.0359 超时未收到心跳消息关闭websocket
2023-06-19 18:17:46.1509 超时未收到心跳消息关闭websocket
2023-06-19 18:17:46.1709 超时未收到心跳消息关闭websocket
2023-06-19 18:17:46.2899 超时未收到心跳消息关闭websocket
2023-06-19 18:17:46.6006 超时未收到心跳消息关闭websocket
2023-06-19 18:17:46.6927 超时未收到心跳消息关闭websocket
2023-06-19 18:17:46.7077 超时未收到心跳消息关闭websocket
2023-06-19 18:17:46.7558 超时未收到心跳消息关闭websocket
2023-06-19 18:17:46.8068 超时未收到心跳消息关闭websocket
2023-06-19 18:17:46.8468 超时未收到心跳消息关闭websocket
2023-06-19 18:17:46.8678 超时未收到心跳消息关闭websocket
2023-06-19 18:17:47.0787 超时未收到心跳消息关闭websocket
2023-06-19 18:17:47.2896 超时未收到心跳消息关闭websocket
2023-06-19 18:17:47.3036 超时未收到心跳消息关闭websocket
2023-06-19 18:17:47.3336 超时未收到心跳消息关闭websocket
2023-06-19 18:17:47.4478 超时未收到心跳消息关闭websocket
2023-06-19 18:17:47.5261 超时未收到心跳消息关闭websocket
2023-06-19 18:17:47.6101 超时未收到心跳消息关闭websocket
2023-06-19 18:17:47.6461 超时未收到心跳消息关闭websocket
2023-06-19 18:17:47.7209 超时未收到心跳消息关闭websocket
2023-06-19 18:17:47.7884 超时未收到心跳消息关闭websocket
2023-06-19 18:17:47.8034 超时未收到心跳消息关闭websocket
2023-06-19 18:17:47.9121 超时未收到心跳消息关闭websocket
2023-06-19 18:17:47.9591 超时未收到心跳消息关闭websocket
2023-06-19 18:17:48.1323 超时未收到心跳消息关闭websocket
2023-06-19 18:17:48.2073 超时未收到心跳消息关闭websocket
2023-06-19 18:17:48.3016 超时未收到心跳消息关闭websocket
2023-06-19 18:17:48.3876 超时未收到心跳消息关闭websocket
2023-06-19 18:17:48.4046 超时未收到心跳消息关闭websocket
2023-06-19 18:17:48.4386 超时未收到心跳消息关闭websocket
2023-06-19 18:17:48.5553 超时未收到心跳消息关闭websocket
2023-06-19 18:17:48.6725 超时未收到心跳消息关闭websocket
2023-06-19 18:17:48.7380 超时未收到心跳消息关闭websocket
2023-06-19 18:17:48.7750 超时未收到心跳消息关闭websocket
2023-06-19 18:17:48.8040 超时未收到心跳消息关闭websocket
2023-06-19 18:17:48.8758 超时未收到心跳消息关闭websocket
2023-06-19 18:17:48.9730 超时未收到心跳消息关闭websocket
2023-06-19 18:17:49.0524 超时未收到心跳消息关闭websocket
2023-06-19 18:17:49.0534 超时未收到心跳消息关闭websocket
2023-06-19 18:17:49.3635 超时未收到心跳消息关闭websocket
2023-06-19 18:17:49.4175 超时未收到心跳消息关闭websocket
2023-06-19 18:17:49.4195 超时未收到心跳消息关闭websocket
2023-06-19 18:17:49.4415 超时未收到心跳消息关闭websocket
2023-06-19 18:17:49.4983 超时未收到心跳消息关闭websocket
2023-06-19 18:17:49.5379 超时未收到心跳消息关闭websocket
2023-06-19 18:17:49.6617 超时未收到心跳消息关闭websocket
2023-06-19 18:17:49.7047 超时未收到心跳消息关闭websocket
2023-06-19 18:17:49.8862 超时未收到心跳消息关闭websocket
2023-06-19 18:17:49.9072 超时未收到心跳消息关闭websocket
2023-06-19 18:17:49.9723 超时未收到心跳消息关闭websocket
2023-06-19 18:17:50.0008 超时未收到心跳消息关闭websocket
2023-06-19 18:17:50.0509 超时未收到心跳消息关闭websocket
2023-06-19 18:17:50.1260 超时未收到心跳消息关闭websocket
2023-06-19 18:17:50.2965 超时未收到心跳消息关闭websocket
2023-06-19 18:17:50.3215 超时未收到心跳消息关闭websocket
2023-06-19 18:17:50.4707 超时未收到心跳消息关闭websocket
2023-06-19 18:17:50.4897 超时未收到心跳消息关闭websocket
2023-06-19 18:17:50.5407 超时未收到心跳消息关闭websocket
2023-06-19 18:17:51.0486 超时未收到心跳消息关闭websocket
2023-06-19 18:17:51.0716 超时未收到心跳消息关闭websocket
2023-06-19 18:17:51.0736 超时未收到心跳消息关闭websocket
2023-06-19 18:17:51.1096 超时未收到心跳消息关闭websocket
2023-06-19 18:17:51.1386 超时未收到心跳消息关闭websocket
2023-06-19 18:17:51.1586 超时未收到心跳消息关闭websocket
2023-06-19 18:17:51.2491 超时未收到心跳消息关闭websocket
2023-06-19 18:17:51.2491 超时未收到心跳消息关闭websocket
2023-06-19 18:17:51.2631 超时未收到心跳消息关闭websocket
2023-06-19 18:17:51.3361 超时未收到心跳消息关闭websocket
2023-06-19 18:17:51.4091 超时未收到心跳消息关闭websocket
2023-06-19 18:17:51.5538 超时未收到心跳消息关闭websocket
2023-06-19 18:17:51.5668 超时未收到心跳消息关闭websocket
2023-06-19 18:17:51.6258 超时未收到心跳消息关闭websocket
2023-06-19 18:17:51.6278 超时未收到心跳消息关闭websocket
2023-06-19 18:17:51.8214 超时未收到心跳消息关闭websocket
2023-06-19 18:17:51.8464 超时未收到心跳消息关闭websocket
2023-06-19 18:17:51.9849 超时未收到心跳消息关闭websocket
2023-06-19 18:17:52.0810 超时未收到心跳消息关闭websocket
2023-06-19 18:17:52.1240 超时未收到心跳消息关闭websocket
2023-06-19 18:17:52.1600 超时未收到心跳消息关闭websocket
2023-06-19 18:17:52.2572 超时未收到心跳消息关闭websocket
2023-06-19 18:17:52.2840 超时未收到心跳消息关闭websocket
2023-06-19 18:17:52.3480 超时未收到心跳消息关闭websocket
2023-06-19 18:17:52.3640 超时未收到心跳消息关闭websocket
2023-06-19 18:17:52.4715 超时未收到心跳消息关闭websocket
2023-06-19 18:17:52.5270 超时未收到心跳消息关闭websocket
2023-06-19 18:17:52.6330 超时未收到心跳消息关闭websocket
2023-06-19 18:17:52.6580 超时未收到心跳消息关闭websocket
2023-06-19 18:17:52.7325 超时未收到心跳消息关闭websocket
2023-06-19 18:17:52.7335 超时未收到心跳消息关闭websocket
2023-06-19 18:17:52.8865 超时未收到心跳消息关闭websocket
2023-06-19 18:17:52.9695 超时未收到心跳消息关闭websocket
2023-06-19 18:17:52.9695 超时未收到心跳消息关闭websocket
2023-06-19 18:17:53.0803 超时未收到心跳消息关闭websocket
2023-06-19 18:17:53.1283 超时未收到心跳消息关闭websocket
2023-06-19 18:17:53.1713 超时未收到心跳消息关闭websocket
2023-06-19 18:17:53.2995 超时未收到心跳消息关闭websocket
2023-06-19 18:17:53.3875 超时未收到心跳消息关闭websocket
2023-06-19 18:17:53.3885 超时未收到心跳消息关闭websocket
2023-06-19 18:17:53.6086 超时未收到心跳消息关闭websocket
2023-06-19 18:17:53.7378 超时未收到心跳消息关闭websocket
2023-06-19 18:17:53.7388 超时未收到心跳消息关闭websocket
2023-06-19 18:17:53.7398 超时未收到心跳消息关闭websocket
2023-06-19 18:17:53.7738 超时未收到心跳消息关闭websocket
2023-06-19 18:17:53.9557 超时未收到心跳消息关闭websocket
2023-06-19 18:17:53.9897 超时未收到心跳消息关闭websocket
2023-06-19 18:17:54.1268 超时未收到心跳消息关闭websocket
2023-06-19 18:17:54.1628 超时未收到心跳消息关闭websocket
2023-06-19 18:17:54.2528 超时未收到心跳消息关闭websocket
2023-06-19 18:17:54.2548 超时未收到心跳消息关闭websocket
2023-06-19 18:17:54.3543 超时未收到心跳消息关闭websocket
2023-06-19 18:17:54.5355 超时未收到心跳消息关闭websocket
2023-06-19 18:17:54.7172 超时未收到心跳消息关闭websocket
2023-06-19 18:17:54.7362 超时未收到心跳消息关闭websocket
2023-06-19 18:17:54.7822 超时未收到心跳消息关闭websocket
2023-06-19 18:17:54.8054 超时未收到心跳消息关闭websocket
2023-06-19 18:17:54.9551 超时未收到心跳消息关闭websocket
2023-06-19 18:17:54.9571 超时未收到心跳消息关闭websocket
2023-06-19 18:17:55.0762 超时未收到心跳消息关闭websocket
2023-06-19 18:17:55.2307 超时未收到心跳消息关闭websocket
2023-06-19 18:17:55.2546 超时未收到心跳消息关闭websocket
2023-06-19 18:17:55.3242 超时未收到心跳消息关闭websocket
2023-06-19 18:17:55.3242 超时未收到心跳消息关闭websocket
2023-06-19 18:17:55.3732 超时未收到心跳消息关闭websocket
2023-06-19 18:17:55.5840 超时未收到心跳消息关闭websocket
2023-06-19 18:17:55.7180 超时未收到心跳消息关闭websocket
2023-06-19 18:17:55.7690 超时未收到心跳消息关闭websocket
2023-06-19 18:17:55.8663 超时未收到心跳消息关闭websocket
2023-06-19 18:17:55.8673 超时未收到心跳消息关闭websocket
2023-06-19 18:17:55.8893 超时未收到心跳消息关闭websocket
2023-06-19 18:17:56.0339 超时未收到心跳消息关闭websocket
2023-06-19 18:17:56.1784 超时未收到心跳消息关闭websocket
2023-06-19 18:17:56.2547 超时未收到心跳消息关闭websocket
2023-06-19 18:17:56.2557 超时未收到心跳消息关闭websocket
2023-06-19 18:17:56.4109 超时未收到心跳消息关闭websocket
2023-06-19 18:17:56.4574 超时未收到心跳消息关闭websocket
2023-06-19 18:17:56.5561 超时未收到心跳消息关闭websocket
2023-06-19 18:17:56.5741 超时未收到心跳消息关闭websocket
2023-06-19 18:17:56.6641 超时未收到心跳消息关闭websocket
2023-06-19 18:17:56.6964 超时未收到心跳消息关闭websocket
2023-06-19 18:17:56.8310 超时未收到心跳消息关闭websocket
2023-06-19 18:17:56.8516 超时未收到心跳消息关闭websocket
2023-06-19 18:17:56.9226 超时未收到心跳消息关闭websocket
2023-06-19 18:17:57.0352 超时未收到心跳消息关闭websocket
2023-06-19 18:17:57.1167 超时未收到心跳消息关闭websocket
2023-06-19 18:17:57.1387 超时未收到心跳消息关闭websocket
2023-06-19 18:17:57.2617 超时未收到心跳消息关闭websocket
2023-06-19 18:17:57.3341 超时未收到心跳消息关闭websocket
2023-06-19 18:17:57.3551 超时未收到心跳消息关闭websocket
2023-06-19 18:17:57.5267 超时未收到心跳消息关闭websocket
2023-06-19 18:17:57.5554 超时未收到心跳消息关闭websocket
2023-06-19 18:17:57.5559 超时未收到心跳消息关闭websocket
2023-06-19 18:17:57.5709 超时未收到心跳消息关闭websocket
2023-06-19 18:17:57.7990 超时未收到心跳消息关闭websocket
2023-06-19 18:17:57.8000 超时未收到心跳消息关闭websocket
2023-06-19 18:17:57.9127 超时未收到心跳消息关闭websocket
2023-06-19 18:17:57.9136 超时未收到心跳消息关闭websocket
2023-06-19 18:17:58.0242 超时未收到心跳消息关闭websocket
2023-06-19 18:17:58.0650 超时未收到心跳消息关闭websocket
2023-06-19 18:17:58.1060 超时未收到心跳消息关闭websocket
2023-06-19 18:17:58.3345 超时未收到心跳消息关闭websocket
2023-06-19 18:17:58.3675 超时未收到心跳消息关闭websocket
2023-06-19 18:17:58.4535 超时未收到心跳消息关闭websocket
2023-06-19 18:17:58.4985 超时未收到心跳消息关闭websocket
2023-06-19 18:17:58.5125 超时未收到心跳消息关闭websocket
2023-06-19 18:17:58.5956 超时未收到心跳消息关闭websocket
2023-06-19 18:17:58.6266 超时未收到心跳消息关闭websocket
2023-06-19 18:17:58.6667 超时未收到心跳消息关闭websocket
2023-06-19 18:17:58.8545 超时未收到心跳消息关闭websocket
2023-06-19 18:17:58.9553 超时未收到心跳消息关闭websocket
2023-06-19 18:17:58.9573 超时未收到心跳消息关闭websocket
2023-06-19 18:17:59.0364 超时未收到心跳消息关闭websocket
2023-06-19 18:17:59.0955 超时未收到心跳消息关闭websocket
2023-06-19 18:17:59.2065 超时未收到心跳消息关闭websocket
2023-06-19 18:17:59.2785 超时未收到心跳消息关闭websocket
2023-06-19 18:17:59.3331 超时未收到心跳消息关闭websocket
2023-06-19 18:17:59.5001 超时未收到心跳消息关闭websocket
2023-06-19 18:17:59.5134 超时未收到心跳消息关闭websocket
2023-06-19 18:17:59.5141 超时未收到心跳消息关闭websocket
2023-06-19 18:17:59.6077 超时未收到心跳消息关闭websocket
2023-06-19 18:17:59.7047 超时未收到心跳消息关闭websocket
2023-06-19 18:17:59.8137 超时未收到心跳消息关闭websocket
2023-06-19 18:17:59.9062 超时未收到心跳消息关闭websocket
2023-06-19 18:18:00.0178 超时未收到心跳消息关闭websocket
2023-06-19 18:18:00.0745 超时未收到心跳消息关闭websocket
2023-06-19 18:18:00.1335 超时未收到心跳消息关闭websocket
2023-06-19 18:18:00.2773 超时未收到心跳消息关闭websocket
2023-06-19 18:18:00.3720 超时未收到心跳消息关闭websocket
2023-06-19 18:18:00.4466 超时未收到心跳消息关闭websocket
2023-06-19 18:18:00.6352 超时未收到心跳消息关闭websocket
2023-06-19 18:18:00.6772 超时未收到心跳消息关闭websocket
2023-06-19 18:18:00.6852 超时未收到心跳消息关闭websocket
2023-06-19 18:18:00.7617 超时未收到心跳消息关闭websocket
2023-06-19 18:18:00.8127 超时未收到心跳消息关闭websocket
2023-06-19 18:18:00.8407 超时未收到心跳消息关闭websocket
2023-06-19 18:18:00.9558 超时未收到心跳消息关闭websocket
2023-06-19 18:18:01.0389 超时未收到心跳消息关闭websocket
2023-06-19 18:18:01.2077 超时未收到心跳消息关闭websocket
2023-06-19 18:18:01.2097 超时未收到心跳消息关闭websocket
2023-06-19 18:18:01.2634 超时未收到心跳消息关闭websocket
2023-06-19 18:18:01.3266 超时未收到心跳消息关闭websocket
2023-06-19 18:18:01.3576 超时未收到心跳消息关闭websocket
2023-06-19 18:18:01.3727 超时未收到心跳消息关闭websocket
2023-06-19 18:18:01.4337 超时未收到心跳消息关闭websocket
2023-06-19 18:18:01.6093 超时未收到心跳消息关闭websocket
2023-06-19 18:18:01.6117 超时未收到心跳消息关闭websocket
2023-06-19 18:18:01.7462 超时未收到心跳消息关闭websocket
2023-06-19 18:18:01.7472 超时未收到心跳消息关闭websocket
2023-06-19 18:18:01.7852 超时未收到心跳消息关闭websocket
2023-06-19 18:18:01.8620 超时未收到心跳消息关闭websocket
2023-06-19 18:18:02.0040 超时未收到心跳消息关闭websocket
2023-06-19 18:18:02.1004 超时未收到心跳消息关闭websocket
2023-06-19 18:18:02.1479 超时未收到心跳消息关闭websocket
2023-06-19 18:18:02.1589 超时未收到心跳消息关闭websocket
2023-06-19 18:18:02.2355 超时未收到心跳消息关闭websocket
2023-06-19 18:18:02.2535 超时未收到心跳消息关闭websocket
2023-06-19 18:18:02.3881 超时未收到心跳消息关闭websocket
2023-06-19 18:18:02.4549 超时未收到心跳消息关闭websocket
2023-06-19 18:18:02.6211 超时未收到心跳消息关闭websocket
2023-06-19 18:18:02.6936 超时未收到心跳消息关闭websocket
2023-06-19 18:18:02.7616 超时未收到心跳消息关闭websocket
2023-06-19 18:18:02.8106 超时未收到心跳消息关闭websocket
2023-06-19 18:18:02.8116 超时未收到心跳消息关闭websocket
2023-06-19 18:18:02.9577 超时未收到心跳消息关闭websocket
2023-06-19 18:18:02.9797 超时未收到心跳消息关闭websocket
2023-06-19 18:18:03.0978 超时未收到心跳消息关闭websocket
2023-06-19 18:18:03.0998 超时未收到心跳消息关闭websocket
2023-06-19 18:18:03.2239 超时未收到心跳消息关闭websocket
2023-06-19 18:18:03.2509 超时未收到心跳消息关闭websocket
2023-06-19 18:18:03.2709 超时未收到心跳消息关闭websocket
2023-06-19 18:18:03.2709 超时未收到心跳消息关闭websocket
2023-06-19 18:18:03.3474 超时未收到心跳消息关闭websocket
2023-06-19 18:18:03.5464 超时未收到心跳消息关闭websocket
2023-06-19 18:18:03.5912 超时未收到心跳消息关闭websocket
2023-06-19 18:18:03.7071 超时未收到心跳消息关闭websocket
2023-06-19 18:18:03.7531 超时未收到心跳消息关闭websocket
2023-06-19 18:18:03.8196 超时未收到心跳消息关闭websocket
2023-06-19 18:18:03.8582 超时未收到心跳消息关闭websocket
2023-06-19 18:18:03.8592 超时未收到心跳消息关闭websocket
2023-06-19 18:18:03.9180 超时未收到心跳消息关闭websocket
2023-06-19 18:18:04.1223 超时未收到心跳消息关闭websocket
2023-06-19 18:18:04.1849 超时未收到心跳消息关闭websocket
2023-06-19 18:18:04.2684 超时未收到心跳消息关闭websocket
2023-06-19 18:18:04.3144 超时未收到心跳消息关闭websocket
2023-06-19 18:18:04.3554 超时未收到心跳消息关闭websocket
2023-06-19 18:18:04.4354 超时未收到心跳消息关闭websocket
2023-06-19 18:18:04.4364 超时未收到心跳消息关闭websocket
2023-06-19 18:18:04.6129 超时未收到心跳消息关闭websocket
2023-06-19 18:18:04.7545 超时未收到心跳消息关闭websocket
2023-06-19 18:18:04.7895 超时未收到心跳消息关闭websocket
2023-06-19 18:18:04.9592 超时未收到心跳消息关闭websocket
2023-06-19 18:18:05.0622 超时未收到心跳消息关闭websocket
2023-06-19 18:18:05.0984 超时未收到心跳消息关闭websocket
2023-06-19 18:18:05.2798 超时未收到心跳消息关闭websocket
2023-06-19 18:18:05.4539 超时未收到心跳消息关闭websocket
2023-06-19 18:18:05.4549 超时未收到心跳消息关闭websocket
2023-06-19 18:18:05.5069 超时未收到心跳消息关闭websocket
2023-06-19 18:18:05.5986 超时未收到心跳消息关闭websocket
2023-06-19 18:18:05.6126 超时未收到心跳消息关闭websocket
2023-06-19 18:18:05.6336 超时未收到心跳消息关闭websocket
2023-06-19 18:18:05.6926 超时未收到心跳消息关闭websocket
2023-06-19 18:18:05.7126 超时未收到心跳消息关闭websocket
2023-06-19 18:18:05.8016 超时未收到心跳消息关闭websocket
2023-06-19 18:18:06.0808 超时未收到心跳消息关闭websocket
2023-06-19 18:18:06.1408 超时未收到心跳消息关闭websocket
2023-06-19 18:18:06.2048 超时未收到心跳消息关闭websocket
2023-06-19 18:18:06.2589 超时未收到心跳消息关闭websocket
2023-06-19 18:18:06.2609 超时未收到心跳消息关闭websocket
2023-06-19 18:18:06.3001 超时未收到心跳消息关闭websocket
2023-06-19 18:18:06.3011 超时未收到心跳消息关闭websocket
2023-06-19 18:18:06.3021 超时未收到心跳消息关闭websocket
2023-06-19 18:18:06.3923 超时未收到心跳消息关闭websocket
2023-06-19 18:18:06.5700 超时未收到心跳消息关闭websocket
2023-06-19 18:18:06.6892 超时未收到心跳消息关闭websocket
2023-06-19 18:18:06.7042 超时未收到心跳消息关闭websocket
2023-06-19 18:18:06.8857 超时未收到心跳消息关闭websocket
2023-06-19 18:18:06.9232 超时未收到心跳消息关闭websocket
2023-06-19 18:18:06.9772 超时未收到心跳消息关闭websocket
2023-06-19 18:18:07.0027 超时未收到心跳消息关闭websocket
2023-06-19 18:18:07.0037 超时未收到心跳消息关闭websocket
2023-06-19 18:18:07.1333 超时未收到心跳消息关闭websocket
2023-06-19 18:18:07.2378 超时未收到心跳消息关闭websocket
2023-06-19 18:18:07.3428 超时未收到心跳消息关闭websocket
2023-06-19 18:18:07.3953 超时未收到心跳消息关闭websocket
2023-06-19 18:18:07.4838 超时未收到心跳消息关闭websocket
2023-06-19 18:18:07.4848 超时未收到心跳消息关闭websocket
2023-06-19 18:18:07.5174 超时未收到心跳消息关闭websocket
2023-06-19 18:18:07.5324 超时未收到心跳消息关闭websocket
2023-06-19 18:18:07.5943 超时未收到心跳消息关闭websocket
2023-06-19 18:18:07.6113 超时未收到心跳消息关闭websocket
2023-06-19 18:18:07.6936 超时未收到心跳消息关闭websocket
2023-06-19 18:18:07.8546 超时未收到心跳消息关闭websocket
2023-06-19 18:18:07.9024 超时未收到心跳消息关闭websocket
2023-06-19 18:18:07.9979 超时未收到心跳消息关闭websocket
2023-06-19 18:18:08.0807 超时未收到心跳消息关闭websocket
2023-06-19 18:18:08.0827 超时未收到心跳消息关闭websocket
2023-06-19 18:18:08.1547 超时未收到心跳消息关闭websocket
2023-06-19 18:18:08.1557 超时未收到心跳消息关闭websocket
2023-06-19 18:18:08.1912 超时未收到心跳消息关闭websocket
2023-06-19 18:18:08.1942 超时未收到心跳消息关闭websocket
2023-06-19 18:18:08.2382 超时未收到心跳消息关闭websocket
2023-06-19 18:18:08.5471 超时未收到心跳消息关闭websocket
2023-06-19 18:18:08.6075 超时未收到心跳消息关闭websocket
2023-06-19 18:18:08.6615 超时未收到心跳消息关闭websocket
2023-06-19 18:18:08.6743 超时未收到心跳消息关闭websocket
2023-06-19 18:18:08.7703 超时未收到心跳消息关闭websocket
2023-06-19 18:18:08.8153 超时未收到心跳消息关闭websocket
2023-06-19 18:18:08.8473 超时未收到心跳消息关闭websocket
2023-06-19 18:18:09.1265 超时未收到心跳消息关闭websocket
2023-06-19 18:18:09.2581 超时未收到心跳消息关闭websocket
2023-06-19 18:18:09.3541 超时未收到心跳消息关闭websocket
2023-06-19 18:18:09.4152 超时未收到心跳消息关闭websocket
2023-06-19 18:18:09.4152 超时未收到心跳消息关闭websocket
2023-06-19 18:18:09.4162 超时未收到心跳消息关闭websocket
2023-06-19 18:18:09.4172 超时未收到心跳消息关闭websocket
2023-06-19 18:18:09.5883 超时未收到心跳消息关闭websocket
2023-06-19 18:18:09.7104 超时未收到心跳消息关闭websocket
2023-06-19 18:18:09.9125 超时未收到心跳消息关闭websocket
2023-06-19 18:18:09.9231 超时未收到心跳消息关闭websocket
2023-06-19 18:18:09.9541 超时未收到心跳消息关闭websocket
2023-06-19 18:18:09.9551 超时未收到心跳消息关闭websocket
2023-06-19 18:18:10.0097 超时未收到心跳消息关闭websocket
2023-06-19 18:18:10.0107 超时未收到心跳消息关闭websocket
2023-06-19 18:18:10.0387 超时未收到心跳消息关闭websocket
2023-06-19 18:18:10.2312 超时未收到心跳消息关闭websocket
2023-06-19 18:18:10.2512 超时未收到心跳消息关闭websocket
2023-06-19 18:18:10.2947 超时未收到心跳消息关闭websocket
2023-06-19 18:18:10.3387 超时未收到心跳消息关闭websocket
2023-06-19 18:18:10.5644 超时未收到心跳消息关闭websocket
2023-06-19 18:18:10.6094 超时未收到心跳消息关闭websocket
2023-06-19 18:18:10.6975 超时未收到心跳消息关闭websocket
2023-06-19 18:18:10.6975 超时未收到心跳消息关闭websocket
2023-06-19 18:18:10.7415 超时未收到心跳消息关闭websocket
2023-06-19 18:18:10.8155 超时未收到心跳消息关闭websocket
2023-06-19 18:18:10.8165 超时未收到心跳消息关闭websocket
2023-06-19 18:18:10.9452 超时未收到心跳消息关闭websocket
2023-06-19 18:18:10.9652 超时未收到心跳消息关闭websocket
2023-06-19 18:18:11.0002 超时未收到心跳消息关闭websocket
2023-06-19 18:18:11.0022 超时未收到心跳消息关闭websocket
2023-06-19 18:18:11.0965 超时未收到心跳消息关闭websocket
2023-06-19 18:18:11.2682 超时未收到心跳消息关闭websocket
2023-06-19 18:18:11.4167 超时未收到心跳消息关闭websocket
2023-06-19 18:18:11.4348 超时未收到心跳消息关闭websocket
2023-06-19 18:18:11.5328 超时未收到心跳消息关闭websocket
2023-06-19 18:18:11.6806 超时未收到心跳消息关闭websocket
2023-06-19 18:18:11.6811 超时未收到心跳消息关闭websocket
2023-06-19 18:18:11.6811 超时未收到心跳消息关闭websocket
2023-06-19 18:18:11.6821 超时未收到心跳消息关闭websocket
2023-06-19 18:18:11.7861 超时未收到心跳消息关闭websocket
2023-06-19 18:18:11.8531 超时未收到心跳消息关闭websocket
2023-06-19 18:18:11.8541 超时未收到心跳消息关闭websocket
2023-06-19 18:18:11.9743 超时未收到心跳消息关闭websocket
2023-06-19 18:18:12.0622 超时未收到心跳消息关闭websocket
2023-06-19 18:18:12.1442 超时未收到心跳消息关闭websocket
2023-06-19 18:18:12.2728 超时未收到心跳消息关闭websocket
2023-06-19 18:18:12.3899 超时未收到心跳消息关闭websocket
2023-06-19 18:18:12.4494 超时未收到心跳消息关闭websocket
2023-06-19 18:18:12.4684 超时未收到心跳消息关闭websocket
2023-06-19 18:18:12.5990 超时未收到心跳消息关闭websocket
2023-06-19 18:18:12.6342 超时未收到心跳消息关闭websocket
2023-06-19 18:18:12.6672 超时未收到心跳消息关闭websocket
2023-06-19 18:18:12.7319 超时未收到心跳消息关闭websocket
2023-06-19 18:18:12.8460 超时未收到心跳消息关闭websocket
2023-06-19 18:18:12.8845 超时未收到心跳消息关闭websocket
2023-06-19 18:18:13.0252 超时未收到心跳消息关闭websocket
2023-06-19 18:18:13.5345 超时未收到心跳消息关闭websocket
2023-06-19 18:18:13.5801 超时未收到心跳消息关闭websocket
2023-06-19 18:18:13.6178 超时未收到心跳消息关闭websocket
2023-06-19 18:18:13.6578 超时未收到心跳消息关闭websocket
2023-06-19 18:18:13.7180 超时未收到心跳消息关闭websocket
2023-06-19 18:18:13.7800 超时未收到心跳消息关闭websocket
2023-06-19 18:18:13.7820 超时未收到心跳消息关闭websocket
2023-06-19 18:18:13.9288 超时未收到心跳消息关闭websocket
2023-06-19 18:18:13.9650 超时未收到心跳消息关闭websocket
2023-06-19 18:18:14.1435 超时未收到心跳消息关闭websocket
2023-06-19 18:18:14.1835 超时未收到心跳消息关闭websocket
2023-06-19 18:18:14.2728 超时未收到心跳消息关闭websocket
2023-06-19 18:18:14.3188 超时未收到心跳消息关闭websocket
2023-06-19 18:18:14.4760 超时未收到心跳消息关闭websocket
2023-06-19 18:18:14.6575 超时未收到心跳消息关闭websocket
2023-06-19 18:18:14.7460 超时未收到心跳消息关闭websocket
2023-06-19 18:18:14.7970 超时未收到心跳消息关闭websocket
2023-06-19 18:18:14.7980 超时未收到心跳消息关闭websocket
2023-06-19 18:18:14.8923 超时未收到心跳消息关闭websocket
2023-06-19 18:18:15.0125 超时未收到心跳消息关闭websocket
2023-06-19 18:18:15.0595 超时未收到心跳消息关闭websocket
2023-06-19 18:18:15.0605 超时未收到心跳消息关闭websocket
2023-06-19 18:18:15.2667 超时未收到心跳消息关闭websocket
2023-06-19 18:18:15.2675 超时未收到心跳消息关闭websocket
2023-06-19 18:18:15.2680 超时未收到心跳消息关闭websocket
2023-06-19 18:18:15.2696 超时未收到心跳消息关闭websocket
2023-06-19 18:18:15.3366 超时未收到心跳消息关闭websocket
2023-06-19 18:18:15.4712 超时未收到心跳消息关闭websocket
2023-06-19 18:18:15.5426 超时未收到心跳消息关闭websocket
2023-06-19 18:18:15.7139 超时未收到心跳消息关闭websocket
2023-06-19 18:18:15.7149 超时未收到心跳消息关闭websocket
2023-06-19 18:18:15.7159 超时未收到心跳消息关闭websocket
2023-06-19 18:18:15.8606 超时未收到心跳消息关闭websocket
2023-06-19 18:18:15.9749 超时未收到心跳消息关闭websocket
2023-06-19 18:18:16.0263 超时未收到心跳消息关闭websocket
2023-06-19 18:18:16.1063 超时未收到心跳消息关闭websocket
2023-06-19 18:18:16.1943 超时未收到心跳消息关闭websocket
2023-06-19 18:18:16.1953 超时未收到心跳消息关闭websocket
2023-06-19 18:18:16.2465 超时未收到心跳消息关闭websocket
2023-06-19 18:18:16.5301 超时未收到心跳消息关闭websocket
2023-06-19 18:18:16.5747 超时未收到心跳消息关闭websocket
2023-06-19 18:18:16.7903 超时未收到心跳消息关闭websocket
2023-06-19 18:18:16.8223 超时未收到心跳消息关闭websocket
2023-06-19 18:18:17.0399 超时未收到心跳消息关闭websocket
2023-06-19 18:18:17.1019 超时未收到心跳消息关闭websocket
2023-06-19 18:18:17.1039 超时未收到心跳消息关闭websocket
2023-06-19 18:18:17.1059 超时未收到心跳消息关闭websocket
2023-06-19 18:18:17.1059 超时未收到心跳消息关闭websocket
2023-06-19 18:18:17.1939 超时未收到心跳消息关闭websocket
2023-06-19 18:18:17.3184 超时未收到心跳消息关闭websocket
2023-06-19 18:18:17.4735 超时未收到心跳消息关闭websocket
2023-06-19 18:18:17.5233 超时未收到心跳消息关闭websocket
2023-06-19 18:18:17.5668 超时未收到心跳消息关闭websocket
2023-06-19 18:18:17.5958 超时未收到心跳消息关闭websocket
2023-06-19 18:18:17.6337 超时未收到心跳消息关闭websocket
2023-06-19 18:18:17.7983 超时未收到心跳消息关闭websocket
2023-06-19 18:18:17.8358 超时未收到心跳消息关闭websocket
2023-06-19 18:18:17.9208 超时未收到心跳消息关闭websocket
2023-06-19 18:18:18.0938 超时未收到心跳消息关闭websocket
2023-06-19 18:18:18.2104 超时未收到心跳消息关闭websocket
2023-06-19 18:18:18.2134 超时未收到心跳消息关闭websocket
2023-06-19 18:18:18.4058 超时未收到心跳消息关闭websocket
2023-06-19 18:18:18.4648 超时未收到心跳消息关闭websocket
2023-06-19 18:18:18.4668 超时未收到心跳消息关闭websocket
2023-06-19 18:18:18.6757 超时未收到心跳消息关闭websocket
2023-06-19 18:18:18.7832 超时未收到心跳消息关闭websocket
2023-06-19 18:18:18.8733 超时未收到心跳消息关闭websocket
2023-06-19 18:18:18.9257 超时未收到心跳消息关闭websocket
2023-06-19 18:18:19.0059 超时未收到心跳消息关闭websocket
2023-06-19 18:18:19.1531 超时未收到心跳消息关闭websocket
2023-06-19 18:18:19.2201 超时未收到心跳消息关闭websocket
2023-06-19 18:18:19.2221 超时未收到心跳消息关闭websocket
2023-06-19 18:18:19.2241 超时未收到心跳消息关闭websocket
2023-06-19 18:18:19.2411 超时未收到心跳消息关闭websocket
2023-06-19 18:18:19.3965 超时未收到心跳消息关闭websocket
2023-06-19 18:18:19.5207 超时未收到心跳消息关闭websocket
2023-06-19 18:18:19.5247 超时未收到心跳消息关闭websocket
2023-06-19 18:18:19.6372 超时未收到心跳消息关闭websocket
2023-06-19 18:18:19.7272 超时未收到心跳消息关闭websocket
2023-06-19 18:18:19.9525 超时未收到心跳消息关闭websocket
2023-06-19 18:18:20.1042 超时未收到心跳消息关闭websocket
2023-06-19 18:18:20.1072 超时未收到心跳消息关闭websocket
2023-06-19 18:18:20.1082 超时未收到心跳消息关闭websocket
2023-06-19 18:18:20.1652 超时未收到心跳消息关闭websocket
2023-06-19 18:18:20.1982 超时未收到心跳消息关闭websocket
2023-06-19 18:18:20.3313 超时未收到心跳消息关闭websocket
2023-06-19 18:18:20.4893 超时未收到心跳消息关闭websocket
2023-06-19 18:18:20.5582 超时未收到心跳消息关闭websocket
2023-06-19 18:18:20.6790 超时未收到心跳消息关闭websocket
2023-06-19 18:18:20.8343 超时未收到心跳消息关闭websocket
2023-06-19 18:18:20.8964 超时未收到心跳消息关闭websocket
2023-06-19 18:18:21.0271 超时未收到心跳消息关闭websocket
2023-06-19 18:18:21.0962 超时未收到心跳消息关闭websocket
2023-06-19 18:18:21.2362 超时未收到心跳消息关闭websocket
2023-06-19 18:18:21.2992 超时未收到心跳消息关闭websocket
2023-06-19 18:18:21.4107 超时未收到心跳消息关闭websocket
2023-06-19 18:18:21.4707 超时未收到心跳消息关闭websocket
2023-06-19 18:18:21.6077 超时未收到心跳消息关闭websocket
2023-06-19 18:18:21.6097 超时未收到心跳消息关闭websocket
2023-06-19 18:18:21.7367 超时未收到心跳消息关闭websocket
2023-06-19 18:18:21.8502 超时未收到心跳消息关闭websocket
2023-06-19 18:18:21.9776 超时未收到心跳消息关闭websocket
2023-06-19 18:18:21.9826 超时未收到心跳消息关闭websocket
2023-06-19 18:18:22.0375 超时未收到心跳消息关闭websocket
2023-06-19 18:18:22.1111 超时未收到心跳消息关闭websocket
2023-06-19 18:18:22.1791 超时未收到心跳消息关闭websocket
2023-06-19 18:18:22.4475 超时未收到心跳消息关闭websocket
2023-06-19 18:18:22.4485 超时未收到心跳消息关闭websocket
2023-06-19 18:18:22.4835 超时未收到心跳消息关闭websocket
2023-06-19 18:18:22.4845 超时未收到心跳消息关闭websocket
2023-06-19 18:18:22.6195 超时未收到心跳消息关闭websocket
2023-06-19 18:18:22.6235 超时未收到心跳消息关闭websocket
2023-06-19 18:18:22.6785 超时未收到心跳消息关闭websocket
2023-06-19 18:18:22.6825 超时未收到心跳消息关闭websocket
2023-06-19 18:18:23.0008 超时未收到心跳消息关闭websocket
2023-06-19 18:18:23.0048 超时未收到心跳消息关闭websocket
2023-06-19 18:18:23.0969 超时未收到心跳消息关闭websocket
2023-06-19 18:18:23.2859 超时未收到心跳消息关闭websocket
2023-06-19 18:18:23.3157 超时未收到心跳消息关闭websocket
2023-06-19 18:18:23.4137 超时未收到心跳消息关闭websocket
2023-06-19 18:18:23.4147 超时未收到心跳消息关闭websocket
2023-06-19 18:18:23.7245 超时未收到心跳消息关闭websocket
2023-06-19 18:18:23.8135 超时未收到心跳消息关闭websocket
2023-06-19 18:18:23.8619 超时未收到心跳消息关闭websocket
2023-06-19 18:18:23.8649 超时未收到心跳消息关闭websocket
2023-06-19 18:18:23.9609 超时未收到心跳消息关闭websocket
2023-06-19 18:18:24.0455 超时未收到心跳消息关闭websocket
2023-06-19 18:18:24.1509 超时未收到心跳消息关闭websocket
2023-06-19 18:18:24.3509 超时未收到心跳消息关闭websocket
2023-06-19 18:18:24.3509 超时未收到心跳消息关闭websocket
2023-06-19 18:18:24.5612 超时未收到心跳消息关闭websocket
2023-06-19 18:18:24.5672 超时未收到心跳消息关闭websocket
2023-06-19 18:18:24.6100 超时未收到心跳消息关闭websocket
2023-06-19 18:18:24.7480 超时未收到心跳消息关闭websocket
2023-06-19 18:18:24.8309 超时未收到心跳消息关闭websocket
2023-06-19 18:18:24.8349 超时未收到心跳消息关闭websocket
2023-06-19 18:18:24.9265 超时未收到心跳消息关闭websocket
2023-06-19 18:18:25.0535 超时未收到心跳消息关闭websocket
2023-06-19 18:18:25.1458 超时未收到心跳消息关闭websocket
2023-06-19 18:18:25.2156 超时未收到心跳消息关闭websocket
2023-06-19 18:18:25.2186 超时未收到心跳消息关闭websocket
2023-06-19 18:18:25.3428 超时未收到心跳消息关闭websocket
2023-06-19 18:18:25.4298 超时未收到心跳消息关闭websocket
2023-06-19 18:18:25.5074 超时未收到心跳消息关闭websocket
2023-06-19 18:18:25.5908 超时未收到心跳消息关闭websocket
2023-06-19 18:18:25.6756 超时未收到心跳消息关闭websocket
2023-06-19 18:18:25.8161 超时未收到心跳消息关闭websocket
2023-06-19 18:18:25.8692 超时未收到心跳消息关闭websocket
2023-06-19 18:18:26.0478 超时未收到心跳消息关闭websocket
2023-06-19 18:18:26.0518 超时未收到心跳消息关闭websocket
2023-06-19 18:18:26.0518 超时未收到心跳消息关闭websocket
2023-06-19 18:18:26.0528 超时未收到心跳消息关闭websocket
2023-06-19 18:18:26.1304 超时未收到心跳消息关闭websocket
2023-06-19 18:18:26.2912 超时未收到心跳消息关闭websocket
2023-06-19 18:18:26.3631 超时未收到心跳消息关闭websocket
2023-06-19 18:18:26.3671 超时未收到心跳消息关闭websocket
2023-06-19 18:18:26.4748 超时未收到心跳消息关闭websocket
2023-06-19 18:18:26.5369 超时未收到心跳消息关闭websocket
2023-06-19 18:18:26.8051 超时未收到心跳消息关闭websocket
2023-06-19 18:18:26.8061 超时未收到心跳消息关闭websocket
2023-06-19 18:18:26.8765 超时未收到心跳消息关闭websocket
2023-06-19 18:18:27.1157 超时未收到心跳消息关闭websocket
2023-06-19 18:18:27.2813 超时未收到心跳消息关闭websocket
2023-06-19 18:18:27.2863 超时未收到心跳消息关闭websocket
2023-06-19 18:18:27.3658 超时未收到心跳消息关闭websocket
2023-06-19 18:18:27.4658 超时未收到心跳消息关闭websocket
2023-06-19 18:18:27.5133 超时未收到心跳消息关闭websocket
2023-06-19 18:18:27.5815 超时未收到心跳消息关闭websocket
2023-06-19 18:18:27.7703 超时未收到心跳消息关闭websocket
2023-06-19 18:18:27.8293 超时未收到心跳消息关闭websocket
2023-06-19 18:18:27.9397 超时未收到心跳消息关闭websocket
2023-06-19 18:18:27.9407 超时未收到心跳消息关闭websocket
2023-06-19 18:18:28.3374 超时未收到心跳消息关闭websocket
2023-06-19 18:18:28.4507 超时未收到心跳消息关闭websocket
2023-06-19 18:18:28.6356 超时未收到心跳消息关闭websocket
2023-06-19 18:18:28.7763 超时未收到心跳消息关闭websocket
2023-06-19 18:18:28.9373 超时未收到心跳消息关闭websocket
2023-06-19 18:18:28.9458 超时未收到心跳消息关闭websocket
2023-06-19 18:18:29.2202 超时未收到心跳消息关闭websocket
2023-06-19 18:18:29.2800 超时未收到心跳消息关闭websocket
2023-06-19 18:18:29.3612 超时未收到心跳消息关闭websocket
2023-06-19 18:18:29.5169 超时未收到心跳消息关闭websocket
2023-06-19 18:18:29.9811 超时未收到心跳消息关闭websocket
2023-06-19 18:18:30.0630 超时未收到心跳消息关闭websocket
2023-06-19 18:18:30.0640 超时未收到心跳消息关闭websocket
2023-06-19 18:18:30.0690 超时未收到心跳消息关闭websocket
2023-06-19 18:18:30.0730 超时未收到心跳消息关闭websocket
2023-06-19 18:18:30.4049 超时未收到心跳消息关闭websocket
2023-06-19 18:18:30.5050 超时未收到心跳消息关闭websocket
2023-06-19 18:18:30.7155 超时未收到心跳消息关闭websocket
2023-06-19 18:18:31.0218 超时未收到心跳消息关闭websocket
2023-06-19 18:18:31.1314 超时未收到心跳消息关闭websocket
2023-06-19 18:18:31.1364 超时未收到心跳消息关闭websocket
2023-06-19 18:18:31.1364 超时未收到心跳消息关闭websocket
2023-06-19 18:18:31.2676 超时未收到心跳消息关闭websocket
2023-06-19 18:18:31.3821 超时未收到心跳消息关闭websocket
2023-06-19 18:18:31.4959 超时未收到心跳消息关闭websocket
2023-06-19 18:18:31.6530 超时未收到心跳消息关闭websocket
2023-06-19 18:18:31.6630 超时未收到心跳消息关闭websocket
2023-06-19 18:18:31.8059 超时未收到心跳消息关闭websocket
2023-06-19 18:18:31.8089 超时未收到心跳消息关闭websocket
2023-06-19 18:18:31.9159 超时未收到心跳消息关闭websocket
2023-06-19 18:18:31.9279 超时未收到心跳消息关闭websocket
2023-06-19 18:18:31.9299 超时未收到心跳消息关闭websocket
2023-06-19 18:18:32.0239 超时未收到心跳消息关闭websocket
2023-06-19 18:18:32.2399 超时未收到心跳消息关闭websocket
2023-06-19 18:18:32.2424 超时未收到心跳消息关闭websocket
2023-06-19 18:18:32.2496 超时未收到心跳消息关闭websocket
2023-06-19 18:18:32.2516 超时未收到心跳消息关闭websocket
2023-06-19 18:18:32.4386 超时未收到心跳消息关闭websocket
2023-06-19 18:18:32.6128 超时未收到心跳消息关闭websocket
2023-06-19 18:18:32.7175 超时未收到心跳消息关闭websocket
2023-06-19 18:18:32.7338 超时未收到心跳消息关闭websocket
2023-06-19 18:18:33.0009 超时未收到心跳消息关闭websocket
2023-06-19 18:18:33.1053 超时未收到心跳消息关闭websocket
2023-06-19 18:18:33.1103 超时未收到心跳消息关闭websocket
2023-06-19 18:18:33.3172 超时未收到心跳消息关闭websocket
2023-06-19 18:18:33.4522 超时未收到心跳消息关闭websocket
2023-06-19 18:18:33.4592 超时未收到心跳消息关闭websocket
2023-06-19 18:18:33.5645 超时未收到心跳消息关闭websocket
2023-06-19 18:18:33.5745 超时未收到心跳消息关闭websocket
2023-06-19 18:18:33.7035 超时未收到心跳消息关闭websocket
2023-06-19 18:18:33.7045 超时未收到心跳消息关闭websocket
2023-06-19 18:18:33.8891 超时未收到心跳消息关闭websocket
2023-06-19 18:18:34.0674 超时未收到心跳消息关闭websocket
2023-06-19 18:18:34.1404 超时未收到心跳消息关闭websocket
2023-06-19 18:18:34.1454 超时未收到心跳消息关闭websocket
2023-06-19 18:18:34.5915 超时未收到心跳消息关闭websocket
2023-06-19 18:18:34.5995 超时未收到心跳消息关闭websocket
2023-06-19 18:18:34.7025 超时未收到心跳消息关闭websocket
2023-06-19 18:18:34.7740 超时未收到心跳消息关闭websocket
2023-06-19 18:18:34.8716 超时未收到心跳消息关闭websocket
2023-06-19 18:18:35.0114 超时未收到心跳消息关闭websocket
2023-06-19 18:18:35.1064 超时未收到心跳消息关闭websocket
2023-06-19 18:18:35.1144 超时未收到心跳消息关闭websocket
2023-06-19 18:18:35.3163 超时未收到心跳消息关闭websocket
2023-06-19 18:18:35.4224 超时未收到心跳消息关闭websocket
2023-06-19 18:18:35.7434 超时未收到心跳消息关闭websocket
2023-06-19 18:18:35.7484 超时未收到心跳消息关闭websocket
2023-06-19 18:18:35.8366 超时未收到心跳消息关闭websocket
2023-06-19 18:18:35.8426 超时未收到心跳消息关闭websocket
2023-06-19 18:18:35.9375 超时未收到心跳消息关闭websocket
2023-06-19 18:18:36.3551 超时未收到心跳消息关闭websocket
2023-06-19 18:18:36.3631 超时未收到心跳消息关闭websocket
2023-06-19 18:18:36.6667 超时未收到心跳消息关闭websocket
2023-06-19 18:18:36.7613 超时未收到心跳消息关闭websocket
2023-06-19 18:18:36.9915 超时未收到心跳消息关闭websocket
2023-06-19 18:18:36.9985 超时未收到心跳消息关闭websocket
2023-06-19 18:18:37.1192 超时未收到心跳消息关闭websocket
2023-06-19 18:18:37.4371 超时未收到心跳消息关闭websocket
2023-06-19 18:18:37.5788 超时未收到心跳消息关闭websocket
2023-06-19 18:18:37.7844 超时未收到心跳消息关闭websocket
2023-06-19 18:18:37.7894 超时未收到心跳消息关闭websocket
2023-06-19 18:18:37.9122 超时未收到心跳消息关闭websocket
2023-06-19 18:18:37.9142 超时未收到心跳消息关闭websocket
2023-06-19 18:18:37.9172 超时未收到心跳消息关闭websocket
2023-06-19 18:18:38.1680 超时未收到心跳消息关闭websocket
2023-06-19 18:18:38.1810 超时未收到心跳消息关闭websocket
2023-06-19 18:18:38.1930 超时未收到心跳消息关闭websocket
2023-06-19 18:18:38.5121 超时未收到心跳消息关闭websocket
2023-06-19 18:18:38.6367 超时未收到心跳消息关闭websocket
2023-06-19 18:18:38.6547 超时未收到心跳消息关闭websocket
2023-06-19 18:18:38.6567 超时未收到心跳消息关闭websocket
2023-06-19 18:18:38.9049 超时未收到心跳消息关闭websocket
2023-06-19 18:18:39.0340 超时未收到心跳消息关闭websocket
2023-06-19 18:18:39.1386 超时未收到心跳消息关闭websocket
2023-06-19 18:18:39.1546 超时未收到心跳消息关闭websocket
2023-06-19 18:18:39.3131 超时未收到心跳消息关闭websocket
2023-06-19 18:18:39.4577 超时未收到心跳消息关闭websocket
2023-06-19 18:18:39.6071 超时未收到心跳消息关闭websocket
2023-06-19 18:18:40.0690 超时未收到心跳消息关闭websocket
2023-06-19 18:18:40.0710 超时未收到心跳消息关闭websocket
2023-06-19 18:18:40.0780 超时未收到心跳消息关闭websocket
2023-06-19 18:18:40.0850 超时未收到心跳消息关闭websocket
2023-06-19 18:18:40.2160 超时未收到心跳消息关闭websocket
2023-06-19 18:18:40.2200 超时未收到心跳消息关闭websocket
2023-06-19 18:18:40.2210 超时未收到心跳消息关闭websocket
2023-06-19 18:18:40.3694 超时未收到心跳消息关闭websocket
2023-06-19 18:18:40.5057 超时未收到心跳消息关闭websocket
2023-06-19 18:18:40.6717 超时未收到心跳消息关闭websocket
2023-06-19 18:18:40.8010 超时未收到心跳消息关闭websocket
2023-06-19 18:18:40.9311 超时未收到心跳消息关闭websocket
2023-06-19 18:18:40.9361 超时未收到心跳消息关闭websocket
2023-06-19 18:18:41.0848 超时未收到心跳消息关闭websocket
2023-06-19 18:18:41.1928 超时未收到心跳消息关闭websocket
2023-06-19 18:18:41.2068 超时未收到心跳消息关闭websocket
2023-06-19 18:18:41.3094 超时未收到心跳消息关闭websocket
2023-06-19 18:18:41.3174 超时未收到心跳消息关闭websocket
2023-06-19 18:18:41.3174 超时未收到心跳消息关闭websocket
2023-06-19 18:18:41.4374 超时未收到心跳消息关闭websocket
2023-06-19 18:18:41.4384 超时未收到心跳消息关闭websocket
2023-06-19 18:18:41.7089 超时未收到心跳消息关闭websocket
2023-06-19 18:18:41.7199 超时未收到心跳消息关闭websocket
2023-06-19 18:18:41.7199 超时未收到心跳消息关闭websocket
2023-06-19 18:18:41.9897 超时未收到心跳消息关闭websocket
2023-06-19 18:18:42.2310 超时未收到心跳消息关闭websocket
2023-06-19 18:18:42.2310 超时未收到心跳消息关闭websocket
2023-06-19 18:18:42.4877 超时未收到心跳消息关闭websocket
2023-06-19 18:18:42.4897 超时未收到心跳消息关闭websocket
2023-06-19 18:18:42.7499 超时未收到心跳消息关闭websocket
2023-06-19 18:18:43.0370 超时未收到心跳消息关闭websocket
2023-06-19 18:18:43.0510 超时未收到心跳消息关闭websocket
2023-06-19 18:18:43.3891 超时未收到心跳消息关闭websocket
2023-06-19 18:18:43.6127 超时未收到心跳消息关闭websocket
2023-06-19 18:18:43.7039 超时未收到心跳消息关闭websocket
2023-06-19 18:18:43.7199 超时未收到心跳消息关闭websocket
2023-06-19 18:18:44.3423 超时未收到心跳消息关闭websocket
2023-06-19 18:18:44.4876 超时未收到心跳消息关闭websocket
2023-06-19 18:18:44.5006 超时未收到心跳消息关闭websocket
2023-06-19 18:18:44.6166 超时未收到心跳消息关闭websocket
2023-06-19 18:18:44.6256 超时未收到心跳消息关闭websocket
2023-06-19 18:18:44.8477 超时未收到心跳消息关闭websocket
2023-06-19 18:18:45.2074 超时未收到心跳消息关闭websocket
2023-06-19 18:18:45.5681 超时未收到心跳消息关闭websocket
2023-06-19 18:18:45.8036 超时未收到心跳消息关闭websocket
2023-06-19 18:18:45.8176 超时未收到心跳消息关闭websocket
2023-06-19 18:18:46.0609 超时未收到心跳消息关闭websocket
2023-06-19 18:18:46.7492 超时未收到心跳消息关闭websocket
2023-06-19 18:18:46.7502 超时未收到心跳消息关闭websocket
2023-06-19 18:18:46.7688 超时未收到心跳消息关闭websocket
2023-06-19 18:18:46.9220 超时未收到心跳消息关闭websocket
2023-06-19 18:18:47.2661 超时未收到心跳消息关闭websocket
2023-06-19 18:18:47.2661 超时未收到心跳消息关闭websocket
2023-06-19 18:18:47.2711 超时未收到心跳消息关闭websocket
2023-06-19 18:18:47.4196 超时未收到心跳消息关闭websocket
2023-06-19 18:18:47.5770 超时未收到心跳消息关闭websocket
2023-06-19 18:18:47.5890 超时未收到心跳消息关闭websocket
2023-06-19 18:18:48.1800 超时未收到心跳消息关闭websocket
2023-06-19 18:18:48.1820 超时未收到心跳消息关闭websocket
2023-06-19 18:18:48.4642 超时未收到心跳消息关闭websocket
2023-06-19 18:18:48.7361 超时未收到心跳消息关闭websocket
2023-06-19 18:18:48.7460 超时未收到心跳消息关闭websocket
2023-06-19 18:18:48.7473 超时未收到心跳消息关闭websocket
2023-06-19 18:18:48.8583 超时未收到心跳消息关闭websocket
2023-06-19 18:18:48.8588 超时未收到心跳消息关闭websocket
2023-06-19 18:18:48.9804 超时未收到心跳消息关闭websocket
2023-06-19 18:18:49.0945 超时未收到心跳消息关闭websocket
2023-06-19 18:18:49.0985 超时未收到心跳消息关闭websocket
2023-06-19 18:18:49.1986 超时未收到心跳消息关闭websocket
2023-06-19 18:18:49.2006 超时未收到心跳消息关闭websocket
2023-06-19 18:18:49.2026 超时未收到心跳消息关闭websocket
2023-06-19 18:18:49.3141 超时未收到心跳消息关闭websocket
2023-06-19 18:18:49.3171 超时未收到心跳消息关闭websocket
2023-06-19 18:18:49.5021 超时未收到心跳消息关闭websocket
2023-06-19 18:18:49.5101 超时未收到心跳消息关闭websocket
2023-06-19 18:18:49.5802 超时未收到心跳消息关闭websocket
2023-06-19 18:18:49.5822 超时未收到心跳消息关闭websocket
2023-06-19 18:18:49.5832 超时未收到心跳消息关闭websocket
2023-06-19 18:18:49.6392 超时未收到心跳消息关闭websocket
2023-06-19 18:18:49.6422 超时未收到心跳消息关闭websocket
2023-06-19 18:18:49.7072 超时未收到心跳消息关闭websocket
2023-06-19 18:18:49.7648 超时未收到心跳消息关闭websocket
2023-06-19 18:18:49.7668 超时未收到心跳消息关闭websocket
2023-06-19 18:18:49.8274 超时未收到心跳消息关闭websocket
2023-06-19 18:18:49.8454 超时未收到心跳消息关闭websocket
2023-06-19 18:18:49.8494 超时未收到心跳消息关闭websocket
2023-06-19 18:18:49.9153 超时未收到心跳消息关闭websocket
2023-06-19 18:18:49.9163 超时未收到心跳消息关闭websocket
2023-06-19 18:18:49.9173 超时未收到心跳消息关闭websocket
2023-06-19 18:18:49.9993 超时未收到心跳消息关闭websocket
2023-06-19 18:18:50.0023 超时未收到心跳消息关闭websocket
2023-06-19 18:18:50.0381 超时未收到心跳消息关闭websocket
2023-06-19 18:18:50.1161 超时未收到心跳消息关闭websocket
2023-06-19 18:18:50.1827 超时未收到心跳消息关闭websocket
2023-06-19 18:18:50.3167 超时未收到心跳消息关闭websocket
2023-06-19 18:18:50.3177 超时未收到心跳消息关闭websocket
2023-06-19 18:18:50.3177 超时未收到心跳消息关闭websocket
2023-06-19 18:18:50.3187 超时未收到心跳消息关闭websocket
2023-06-19 18:18:50.3627 超时未收到心跳消息关闭websocket
2023-06-19 18:18:50.3727 超时未收到心跳消息关闭websocket
2023-06-19 18:18:50.4944 超时未收到心跳消息关闭websocket
2023-06-19 18:18:50.5655 超时未收到心跳消息关闭websocket
2023-06-19 18:18:50.6195 超时未收到心跳消息关闭websocket
2023-06-19 18:18:50.6545 超时未收到心跳消息关闭websocket
2023-06-19 18:18:50.6661 超时未收到心跳消息关闭websocket
2023-06-19 18:18:50.7221 超时未收到心跳消息关闭websocket
2023-06-19 18:18:50.7311 超时未收到心跳消息关闭websocket
2023-06-19 18:18:50.7611 超时未收到心跳消息关闭websocket
2023-06-19 18:18:50.7988 超时未收到心跳消息关闭websocket
2023-06-19 18:18:50.8361 超时未收到心跳消息关闭websocket
2023-06-19 18:18:50.8708 超时未收到心跳消息关闭websocket
2023-06-19 18:18:50.8898 超时未收到心跳消息关闭websocket
2023-06-19 18:18:50.9108 超时未收到心跳消息关闭websocket
2023-06-19 18:18:50.9198 超时未收到心跳消息关闭websocket
2023-06-19 18:18:50.9578 超时未收到心跳消息关闭websocket
2023-06-19 18:18:50.9898 超时未收到心跳消息关闭websocket
2023-06-19 18:18:50.9998 超时未收到心跳消息关闭websocket
2023-06-19 18:18:51.0383 超时未收到心跳消息关闭websocket
2023-06-19 18:18:51.0463 超时未收到心跳消息关闭websocket
2023-06-19 18:18:51.0749 超时未收到心跳消息关闭websocket
2023-06-19 18:18:51.1109 超时未收到心跳消息关闭websocket
2023-06-19 18:18:51.1119 超时未收到心跳消息关闭websocket
2023-06-19 18:18:51.1639 超时未收到心跳消息关闭websocket
2023-06-19 18:18:51.1679 超时未收到心跳消息关闭websocket
2023-06-19 18:18:51.1759 超时未收到心跳消息关闭websocket
2023-06-19 18:18:51.1889 超时未收到心跳消息关闭websocket
2023-06-19 18:18:51.2299 超时未收到心跳消息关闭websocket
2023-06-19 18:18:51.2309 超时未收到心跳消息关闭websocket
